2019-12-01 10:11:55 [scrapy.utils.log] INFO: Scrapy 1.8.0 started (bot: Lianjia)
2019-12-01 10:11:55 [scrapy.utils.log] INFO: Versions: lxml 4.4.1.0, libxml2 2.9.5, cssselect 1.1.0, parsel 1.5.2, w3lib 1.21.0, Twisted 19.7.0, Python 3.7.2 (tags/v3.7.2:9a3ffc0492, Dec 23 2018, 22:20:52) [MSC v.1916 32 bit (Intel)], pyOpenSSL 19.0.0 (OpenSSL 1.1.1d  10 Sep 2019), cryptography 2.8, Platform Windows-10-10.0.17134-SP0
2019-12-01 10:11:55 [scrapy.crawler] INFO: Overridden settings: {'BOT_NAME': 'Lianjia', 'CONCURRENT_REQUESTS': 32, 'DOWNLOAD_DELAY': 0.5, 'FEED_EXPORT_ENCODING': 'gbk', 'LOG_FILE': 'lianjia.log', 'LOG_LEVEL': 'INFO', 'NEWSPIDER_MODULE': 'Lianjia.spiders', 'SPIDER_MODULES': ['Lianjia.spiders']}
2019-12-01 10:11:55 [scrapy.extensions.telnet] INFO: Telnet Password: 9e76beca28a808e7
2019-12-01 10:11:55 [scrapy.middleware] INFO: Enabled extensions:
['scrapy.extensions.corestats.CoreStats',
 'scrapy.extensions.telnet.TelnetConsole',
 'scrapy.extensions.logstats.LogStats']
2019-12-01 10:11:56 [scrapy.middleware] INFO: Enabled downloader middlewares:
['scrapy.downloadermiddlewares.httpauth.HttpAuthMiddleware',
 'Lianjia.middlewares.RandomUaDownloaderMiddleware',
 'scrapy.downloadermiddlewares.downloadtimeout.DownloadTimeoutMiddleware',
 'scrapy.downloadermiddlewares.defaultheaders.DefaultHeadersMiddleware',
 'scrapy.downloadermiddlewares.useragent.UserAgentMiddleware',
 'Lianjia.middlewares.LianjiaDownloaderMiddleware',
 'scrapy.downloadermiddlewares.retry.RetryMiddleware',
 'scrapy.downloadermiddlewares.redirect.MetaRefreshMiddleware',
 'scrapy.downloadermiddlewares.httpcompression.HttpCompressionMiddleware',
 'scrapy.downloadermiddlewares.redirect.RedirectMiddleware',
 'scrapy.downloadermiddlewares.cookies.CookiesMiddleware',
 'scrapy.downloadermiddlewares.httpproxy.HttpProxyMiddleware',
 'scrapy.downloadermiddlewares.stats.DownloaderStats']
2019-12-01 10:11:56 [scrapy.middleware] INFO: Enabled spider middlewares:
['scrapy.spidermiddlewares.httperror.HttpErrorMiddleware',
 'scrapy.spidermiddlewares.offsite.OffsiteMiddleware',
 'scrapy.spidermiddlewares.referer.RefererMiddleware',
 'scrapy.spidermiddlewares.urllength.UrlLengthMiddleware',
 'scrapy.spidermiddlewares.depth.DepthMiddleware']
2019-12-01 10:11:56 [scrapy.middleware] INFO: Enabled item pipelines:
['Lianjia.pipelines.LianjiaMysqlPipeline', 'Lianjia.pipelines.LianjiaPipeline']
2019-12-01 10:11:56 [scrapy.core.engine] INFO: Spider opened
2019-12-01 10:11:56 [scrapy.extensions.logstats] INFO: Crawled 0 pages (at 0 pages/min), scraped 0 items (at 0 items/min)
2019-12-01 10:11:56 [lianjia] INFO: Spider opened: lianjia
2019-12-01 10:11:56 [scrapy.extensions.telnet] INFO: Telnet console listening on 127.0.0.1:6023
